#! /c/Source/iverilog-install/bin/vvp
:ivl_version "12.0 (devel)" "(s20150603-1110-g18392a46)";
:ivl_delay_selection "TYPICAL";
:vpi_time_precision - 12;
:vpi_module "D:\iverilog\lib\ivl\system.vpi";
:vpi_module "D:\iverilog\lib\ivl\vhdl_sys.vpi";
:vpi_module "D:\iverilog\lib\ivl\vhdl_textio.vpi";
:vpi_module "D:\iverilog\lib\ivl\v2005_math.vpi";
:vpi_module "D:\iverilog\lib\ivl\va_math.vpi";
S_0000020d994960a0 .scope module, "fft_top_tb" "fft_top_tb" 2 3;
 .timescale -9 -12;
v0000020d994f5300_0 .var "clk", 0 0;
v0000020d994f4ea0_0 .net "complete", 0 0, v0000020d994f2df0_0;  1 drivers
v0000020d994f5e40_0 .var/i "i", 31 0;
v0000020d994f4cc0_0 .var "io_data0", 31 0;
v0000020d994f4900_0 .var "io_data1", 31 0;
v0000020d994f4220_0 .var "io_data2", 31 0;
v0000020d994f56c0_0 .var "io_data3", 31 0;
v0000020d994f44a0_0 .var "mode_write", 0 0;
v0000020d994f5120_0 .net "out_data0", 31 0, L_0000020d99493be0;  1 drivers
v0000020d994f4540_0 .net "out_data1", 31 0, L_0000020d99493d30;  1 drivers
v0000020d994f5f80_0 .net "out_data2", 31 0, L_0000020d99494900;  1 drivers
v0000020d994f4f40_0 .net "out_data3", 31 0, L_0000020d99495460;  1 drivers
v0000020d994f4680_0 .var "rst_n", 0 0;
v0000020d994f42c0_0 .var "start", 0 0;
v0000020d994f5c60_0 .var "val0", 15 0;
v0000020d994f45e0_0 .var "val1", 15 0;
v0000020d994f49a0_0 .var "val2", 15 0;
v0000020d994f47c0_0 .var "val3", 15 0;
E_0000020d9946cc80 .event posedge, v0000020d994f2df0_0;
S_0000020d99490870 .scope module, "uut" "fft_top" 2 29, 3 1 0, S_0000020d994960a0;
 .timescale -9 -12;
    .port_info 0 /INPUT 1 "clk";
    .port_info 1 /INPUT 1 "rst_n";
    .port_info 2 /INPUT 1 "start";
    .port_info 3 /INPUT 1 "mode_write";
    .port_info 4 /INPUT 32 "io_data0";
    .port_info 5 /INPUT 32 "io_data1";
    .port_info 6 /INPUT 32 "io_data2";
    .port_info 7 /INPUT 32 "io_data3";
    .port_info 8 /OUTPUT 32 "out_data0";
    .port_info 9 /OUTPUT 32 "out_data1";
    .port_info 10 /OUTPUT 32 "out_data2";
    .port_info 11 /OUTPUT 32 "out_data3";
    .port_info 12 /OUTPUT 1 "complete";
L_0000020d994f6190 .functor BUFT 1, C4<0000000000>, C4<0>, C4<0>, C4<0>;
L_0000020d99494510 .functor XOR 10, L_0000020d994f4400, L_0000020d994f6190, C4<0000000000>, C4<0000000000>;
L_0000020d994f61d8 .functor BUFT 1, C4<0000000001>, C4<0>, C4<0>, C4<0>;
L_0000020d99494eb0 .functor XOR 10, L_0000020d994f4400, L_0000020d994f61d8, C4<0000000000>, C4<0000000000>;
L_0000020d994f6220 .functor BUFT 1, C4<0000000010>, C4<0>, C4<0>, C4<0>;
L_0000020d99494f90 .functor XOR 10, L_0000020d994f4400, L_0000020d994f6220, C4<0000000000>, C4<0000000000>;
L_0000020d994f6268 .functor BUFT 1, C4<0000000011>, C4<0>, C4<0>, C4<0>;
L_0000020d99494200 .functor XOR 10, L_0000020d994f4400, L_0000020d994f6268, C4<0000000000>, C4<0000000000>;
L_0000020d99494c80 .functor BUFZ 10, L_0000020d99494510, C4<0000000000>, C4<0000000000>, C4<0000000000>;
L_0000020d99494f20 .functor BUFZ 10, L_0000020d99494eb0, C4<0000000000>, C4<0000000000>, C4<0000000000>;
L_0000020d99495070 .functor BUFZ 10, L_0000020d99494f90, C4<0000000000>, C4<0000000000>, C4<0000000000>;
L_0000020d99494270 .functor BUFZ 10, L_0000020d99494200, C4<0000000000>, C4<0000000000>, C4<0000000000>;
L_0000020d99495150 .functor AND 10, L_0000020d994f5d00, L_0000020d994f54e0, C4<1111111111>, C4<1111111111>;
L_0000020d994942e0 .functor OR 1, v0000020d994f44a0_0, v0000020d994f32f0_0, C4<0>, C4<0>;
L_0000020d99493be0 .functor BUFZ 32, v0000020d994eebf0_0, C4<00000000000000000000000000000000>, C4<00000000000000000000000000000000>, C4<00000000000000000000000000000000>;
L_0000020d99493d30 .functor BUFZ 32, v0000020d994f1920_0, C4<00000000000000000000000000000000>, C4<00000000000000000000000000000000>, C4<00000000000000000000000000000000>;
L_0000020d99494900 .functor BUFZ 32, v0000020d994f0340_0, C4<00000000000000000000000000000000>, C4<00000000000000000000000000000000>, C4<00000000000000000000000000000000>;
L_0000020d99495460 .functor BUFZ 32, v0000020d994f1ec0_0, C4<00000000000000000000000000000000>, C4<00000000000000000000000000000000>, C4<00000000000000000000000000000000>;
v0000020d994f0fc0_0 .net/2u *"_ivl_10", 9 0, L_0000020d994f6190;  1 drivers
v0000020d994f0c00_0 .net/2u *"_ivl_14", 9 0, L_0000020d994f61d8;  1 drivers
v0000020d994f0ac0_0 .net/2u *"_ivl_18", 9 0, L_0000020d994f6220;  1 drivers
v0000020d994f1e20_0 .net/2u *"_ivl_22", 9 0, L_0000020d994f6268;  1 drivers
v0000020d994f0de0_0 .net *"_ivl_34", 31 0, L_0000020d994f6020;  1 drivers
L_0000020d994f62b0 .functor BUFT 1, C4<00000000000000000000000000000>, C4<0>, C4<0>, C4<0>;
v0000020d994f1f60_0 .net *"_ivl_37", 28 0, L_0000020d994f62b0;  1 drivers
L_0000020d994f62f8 .functor BUFT 1, C4<00000000000000000000000000000000>, C4<0>, C4<0>, C4<0>;
v0000020d994f16a0_0 .net/2u *"_ivl_38", 31 0, L_0000020d994f62f8;  1 drivers
L_0000020d994f6148 .functor BUFT 1, C4<101>, C4<0>, C4<0>, C4<0>;
v0000020d994f19c0_0 .net/2u *"_ivl_4", 2 0, L_0000020d994f6148;  1 drivers
v0000020d994f1060_0 .net *"_ivl_40", 0 0, L_0000020d994f4d60;  1 drivers
v0000020d994f1100_0 .net *"_ivl_43", 15 0, L_0000020d994f4180;  1 drivers
v0000020d994f0520_0 .net *"_ivl_45", 15 0, L_0000020d994f4860;  1 drivers
v0000020d994f03e0_0 .net *"_ivl_48", 31 0, L_0000020d994f51c0;  1 drivers
L_0000020d994f6340 .functor BUFT 1, C4<00000000000000000000000000000>, C4<0>, C4<0>, C4<0>;
v0000020d994f05c0_0 .net *"_ivl_51", 28 0, L_0000020d994f6340;  1 drivers
L_0000020d994f6388 .functor BUFT 1, C4<00000000000000000000000000000000>, C4<0>, C4<0>, C4<0>;
v0000020d994f0e80_0 .net/2u *"_ivl_52", 31 0, L_0000020d994f6388;  1 drivers
v0000020d994f2000_0 .net *"_ivl_54", 0 0, L_0000020d994f4fe0;  1 drivers
v0000020d994f11a0_0 .net *"_ivl_57", 15 0, L_0000020d994f4a40;  1 drivers
v0000020d994f0660_0 .net *"_ivl_59", 15 0, L_0000020d994f5080;  1 drivers
v0000020d994f1b00_0 .net *"_ivl_75", 9 0, L_0000020d994f5d00;  1 drivers
v0000020d994f1600_0 .net *"_ivl_76", 9 0, L_0000020d994f54e0;  1 drivers
v0000020d994f08e0_0 .net *"_ivl_80", 31 0, L_0000020d99558060;  1 drivers
v0000020d994f0ca0_0 .net *"_ivl_84", 31 0, L_0000020d99556e40;  1 drivers
v0000020d994f1740_0 .net *"_ivl_88", 31 0, L_0000020d99557200;  1 drivers
v0000020d994f0d40_0 .net *"_ivl_92", 31 0, L_0000020d99556bc0;  1 drivers
v0000020d994f17e0_0 .net "active_twd_addr", 9 0, L_0000020d99495150;  1 drivers
v0000020d994f1240_0 .net "btf0_A_im", 16 0, v0000020d9947f740_0;  1 drivers
v0000020d994f12e0_0 .net "btf0_A_re", 16 0, v0000020d9947fba0_0;  1 drivers
v0000020d994f1380_0 .net "btf0_B_im", 16 0, v0000020d9947e660_0;  1 drivers
v0000020d994f1ba0_0 .net "btf0_B_re", 16 0, v0000020d9947eac0_0;  1 drivers
v0000020d994f14c0_0 .net "btf0_C_im", 16 0, v0000020d9947e700_0;  1 drivers
v0000020d994f1a60_0 .net "btf0_C_re", 16 0, v0000020d9947e7a0_0;  1 drivers
v0000020d994f1560_0 .net "btf0_D_im", 16 0, v0000020d9947e840_0;  1 drivers
v0000020d994f1c40_0 .net "btf0_D_re", 16 0, v0000020d9947ea20_0;  1 drivers
v0000020d994f2210_0 .net "btf1_0_im", 17 0, v0000020d9947fb00_0;  1 drivers
v0000020d994f3a70_0 .net "btf1_0_re", 17 0, v0000020d9947fce0_0;  1 drivers
v0000020d994f23f0_0 .net "btf1_1_im", 17 0, v0000020d9947fc40_0;  1 drivers
v0000020d994f22b0_0 .net "btf1_1_re", 17 0, v0000020d9947efc0_0;  1 drivers
v0000020d994f3610_0 .net "btf1_2_im", 17 0, v0000020d9947e980_0;  1 drivers
v0000020d994f2170_0 .net "btf1_2_re", 17 0, v0000020d9947ed40_0;  1 drivers
v0000020d994f27b0_0 .net "btf1_3_im", 17 0, v0000020d9947ede0_0;  1 drivers
v0000020d994f2fd0_0 .net "btf1_3_re", 17 0, v0000020d9947f060_0;  1 drivers
v0000020d994f2c10_0 .net "c_high", 1 0, L_0000020d994f5620;  1 drivers
v0000020d994f2530_0 .net "c_low", 1 0, L_0000020d994f5760;  1 drivers
v0000020d994f28f0_0 .net "clk", 0 0, v0000020d994f5300_0;  1 drivers
v0000020d994f2df0_0 .var "complete", 0 0;
v0000020d994f3c50_0 .net "io_data0", 31 0, v0000020d994f4cc0_0;  1 drivers
v0000020d994f2cb0_0 .net "io_data1", 31 0, v0000020d994f4900_0;  1 drivers
v0000020d994f3bb0_0 .net "io_data2", 31 0, v0000020d994f4220_0;  1 drivers
v0000020d994f3110_0 .net "io_data3", 31 0, v0000020d994f56c0_0;  1 drivers
v0000020d994f25d0_0 .net "is_last", 0 0, L_0000020d994f4720;  1 drivers
v0000020d994f2f30_0 .var "iteration_counter", 2 0;
v0000020d994f3930_0 .var "master_counter", 11 0;
v0000020d994f2350_0 .net "mode_write", 0 0, v0000020d994f44a0_0;  1 drivers
v0000020d994f2e90_0 .net "out_data0", 31 0, L_0000020d99493be0;  alias, 1 drivers
v0000020d994f2670_0 .net "out_data1", 31 0, L_0000020d99493d30;  alias, 1 drivers
v0000020d994f2490_0 .net "out_data2", 31 0, L_0000020d99494900;  alias, 1 drivers
v0000020d994f2d50_0 .net "out_data3", 31 0, L_0000020d99495460;  alias, 1 drivers
v0000020d994f31b0_0 .net "raddr0", 9 0, L_0000020d99494510;  1 drivers
v0000020d994f2710_0 .net "raddr1", 9 0, L_0000020d99494eb0;  1 drivers
v0000020d994f3070_0 .net "raddr2", 9 0, L_0000020d99494f90;  1 drivers
v0000020d994f3d90_0 .net "raddr3", 9 0, L_0000020d99494200;  1 drivers
v0000020d994f3390_0 .net "raddr_base", 9 0, L_0000020d994f4400;  1 drivers
v0000020d994f3b10_0 .net "ram0_rdata", 31 0, v0000020d994eebf0_0;  1 drivers
v0000020d994f2850_0 .net "ram0_wdata", 31 0, L_0000020d99556b20;  1 drivers
v0000020d994f3cf0_0 .net "ram1_rdata", 31 0, v0000020d994f1920_0;  1 drivers
v0000020d994f3e30_0 .net "ram1_wdata", 31 0, L_0000020d995569e0;  1 drivers
v0000020d994f2a30_0 .net "ram2_rdata", 31 0, v0000020d994f0340_0;  1 drivers
v0000020d994f2990_0 .net "ram2_wdata", 31 0, L_0000020d99557340;  1 drivers
v0000020d994f2ad0_0 .net "ram3_rdata", 31 0, v0000020d994f1ec0_0;  1 drivers
v0000020d994f2b70_0 .net "ram3_wdata", 31 0, L_0000020d99557160;  1 drivers
v0000020d994f36b0_0 .net "ram_we", 0 0, L_0000020d994942e0;  1 drivers
v0000020d994f3250_0 .net "rst_n", 0 0, v0000020d994f4680_0;  1 drivers
v0000020d994f32f0_0 .var "running", 0 0;
v0000020d994f3430_0 .net "s3_m0_im", 15 0, L_0000020d994f5800;  1 drivers
v0000020d994f34d0_0 .net "s3_m0_re", 15 0, L_0000020d994f59e0;  1 drivers
v0000020d994f3570_0 .net "start", 0 0, v0000020d994f42c0_0;  1 drivers
v0000020d994f3ed0_0 .net "twd_0_im", 15 0, v0000020d994ef690_0;  1 drivers
v0000020d994f3f70_0 .net "twd_0_re", 15 0, v0000020d994ee330_0;  1 drivers
v0000020d994f3750_0 .net "twd_1_im", 15 0, v0000020d994ee970_0;  1 drivers
v0000020d994f37f0_0 .net "twd_1_re", 15 0, v0000020d994ee510_0;  1 drivers
v0000020d994f3890_0 .net "twd_2_im", 15 0, v0000020d994efeb0_0;  1 drivers
v0000020d994f39d0_0 .net "twd_2_re", 15 0, v0000020d994eeb50_0;  1 drivers
v0000020d994f4010_0 .net "twd_3_im", 15 0, v0000020d994ef050_0;  1 drivers
v0000020d994f4e00_0 .net "twd_3_re", 15 0, v0000020d994efaf0_0;  1 drivers
v0000020d994f4c20_0 .net "waddr0", 9 0, L_0000020d99494c80;  1 drivers
v0000020d994f5bc0_0 .net "waddr1", 9 0, L_0000020d99494f20;  1 drivers
v0000020d994f4ae0_0 .net "waddr2", 9 0, L_0000020d99495070;  1 drivers
v0000020d994f4360_0 .net "waddr3", 9 0, L_0000020d99494270;  1 drivers
E_0000020d9946c980/0 .event negedge, v0000020d994f3250_0;
E_0000020d9946c980/1 .event posedge, v0000020d994ed7c0_0;
E_0000020d9946c980 .event/or E_0000020d9946c980/0, E_0000020d9946c980/1;
L_0000020d994f5620 .part v0000020d994f3930_0, 10, 2;
L_0000020d994f5760 .part v0000020d994f3930_0, 0, 2;
L_0000020d994f4720 .cmp/eq 3, v0000020d994f2f30_0, L_0000020d994f6148;
L_0000020d994f4400 .part v0000020d994f3930_0, 2, 10;
L_0000020d994f6020 .concat [ 3 29 0 0], v0000020d994f2f30_0, L_0000020d994f62b0;
L_0000020d994f4d60 .cmp/eq 32, L_0000020d994f6020, L_0000020d994f62f8;
L_0000020d994f4180 .part v0000020d994eebf0_0, 16, 16;
L_0000020d994f4860 .part v0000020d994eebf0_0, 16, 16;
L_0000020d994f59e0 .functor MUXZ 16, L_0000020d994f4860, L_0000020d994f4180, L_0000020d994f4d60, C4<>;
L_0000020d994f51c0 .concat [ 3 29 0 0], v0000020d994f2f30_0, L_0000020d994f6340;
L_0000020d994f4fe0 .cmp/eq 32, L_0000020d994f51c0, L_0000020d994f6388;
L_0000020d994f4a40 .part v0000020d994eebf0_0, 0, 16;
L_0000020d994f5080 .part v0000020d994eebf0_0, 0, 16;
L_0000020d994f5800 .functor MUXZ 16, L_0000020d994f5080, L_0000020d994f4a40, L_0000020d994f4fe0, C4<>;
L_0000020d994f58a0 .part v0000020d994f1920_0, 16, 16;
L_0000020d994f4b80 .part v0000020d994f1920_0, 0, 16;
L_0000020d994f5b20 .part v0000020d994f0340_0, 16, 16;
L_0000020d994f5260 .part v0000020d994f0340_0, 0, 16;
L_0000020d994f5440 .part v0000020d994f1ec0_0, 16, 16;
L_0000020d994f53a0 .part v0000020d994f1ec0_0, 0, 16;
L_0000020d994f5d00 .part v0000020d994f3930_0, 0, 10;
LS_0000020d994f54e0_0_0 .concat [ 1 1 1 1], v0000020d994f32f0_0, v0000020d994f32f0_0, v0000020d994f32f0_0, v0000020d994f32f0_0;
LS_0000020d994f54e0_0_4 .concat [ 1 1 1 1], v0000020d994f32f0_0, v0000020d994f32f0_0, v0000020d994f32f0_0, v0000020d994f32f0_0;
LS_0000020d994f54e0_0_8 .concat [ 1 1 0 0], v0000020d994f32f0_0, v0000020d994f32f0_0;
L_0000020d994f54e0 .concat [ 4 4 2 0], LS_0000020d994f54e0_0_0, LS_0000020d994f54e0_0_4, LS_0000020d994f54e0_0_8;
L_0000020d99558060 .concat [ 16 16 0 0], v0000020d994ef690_0, v0000020d994ee330_0;
L_0000020d99556b20 .functor MUXZ 32, L_0000020d99558060, v0000020d994f4cc0_0, v0000020d994f44a0_0, C4<>;
L_0000020d99556e40 .concat [ 16 16 0 0], v0000020d994ee970_0, v0000020d994ee510_0;
L_0000020d995569e0 .functor MUXZ 32, L_0000020d99556e40, v0000020d994f4900_0, v0000020d994f44a0_0, C4<>;
L_0000020d99557200 .concat [ 16 16 0 0], v0000020d994efeb0_0, v0000020d994eeb50_0;
L_0000020d99557340 .functor MUXZ 32, L_0000020d99557200, v0000020d994f4220_0, v0000020d994f44a0_0, C4<>;
L_0000020d99556bc0 .concat [ 16 16 0 0], v0000020d994ef050_0, v0000020d994efaf0_0;
L_0000020d99557160 .functor MUXZ 32, L_0000020d99556bc0, v0000020d994f56c0_0, v0000020d994f44a0_0, C4<>;
S_0000020d993f17e0 .scope module, "inst_btf0" "dsp_btf0" 3 83, 4 1 0, S_0000020d99490870;
 .timescale -9 -12;
    .port_info 0 /INPUT 2 "ctrl_bits";
    .port_info 1 /INPUT 16 "m0_re";
    .port_info 2 /INPUT 16 "m0_im";
    .port_info 3 /INPUT 16 "m1_re";
    .port_info 4 /INPUT 16 "m1_im";
    .port_info 5 /INPUT 16 "m2_re";
    .port_info 6 /INPUT 16 "m2_im";
    .port_info 7 /INPUT 16 "m3_re";
    .port_info 8 /INPUT 16 "m3_im";
    .port_info 9 /OUTPUT 17 "out_A_re";
    .port_info 10 /OUTPUT 17 "out_A_im";
    .port_info 11 /OUTPUT 17 "out_B_re";
    .port_info 12 /OUTPUT 17 "out_B_im";
    .port_info 13 /OUTPUT 17 "out_C_re";
    .port_info 14 /OUTPUT 17 "out_C_im";
    .port_info 15 /OUTPUT 17 "out_D_re";
    .port_info 16 /OUTPUT 17 "out_D_im";
v0000020d9947f880_0 .net "ctrl_bits", 1 0, L_0000020d994f5760;  alias, 1 drivers
v0000020d9947e520_0 .net "m0_im", 15 0, L_0000020d994f5800;  alias, 1 drivers
v0000020d9947e160_0 .net "m0_re", 15 0, L_0000020d994f59e0;  alias, 1 drivers
v0000020d9947e340_0 .net "m1_im", 15 0, L_0000020d994f4b80;  1 drivers
v0000020d9947e5c0_0 .net "m1_re", 15 0, L_0000020d994f58a0;  1 drivers
v0000020d9947f560_0 .net "m2_im", 15 0, L_0000020d994f5260;  1 drivers
v0000020d9947ef20_0 .net "m2_re", 15 0, L_0000020d994f5b20;  1 drivers
v0000020d9947e020_0 .net "m3_im", 15 0, L_0000020d994f53a0;  1 drivers
v0000020d9947e0c0_0 .net "m3_re", 15 0, L_0000020d994f5440;  1 drivers
v0000020d9947f740_0 .var "out_A_im", 16 0;
v0000020d9947fba0_0 .var "out_A_re", 16 0;
v0000020d9947e660_0 .var "out_B_im", 16 0;
v0000020d9947eac0_0 .var "out_B_re", 16 0;
v0000020d9947e700_0 .var "out_C_im", 16 0;
v0000020d9947e7a0_0 .var "out_C_re", 16 0;
v0000020d9947e840_0 .var "out_D_im", 16 0;
v0000020d9947ea20_0 .var "out_D_re", 16 0;
E_0000020d9946d500/0 .event anyedge, v0000020d9947f880_0, v0000020d9947e160_0, v0000020d9947ef20_0, v0000020d9947e520_0;
E_0000020d9946d500/1 .event anyedge, v0000020d9947f560_0, v0000020d9947e5c0_0, v0000020d9947e0c0_0, v0000020d9947e340_0;
E_0000020d9946d500/2 .event anyedge, v0000020d9947e020_0;
E_0000020d9946d500 .event/or E_0000020d9946d500/0, E_0000020d9946d500/1, E_0000020d9946d500/2;
S_0000020d993f1970 .scope module, "inst_btf1" "dsp_btf1" 3 95, 5 1 0, S_0000020d99490870;
 .timescale -9 -12;
    .port_info 0 /INPUT 2 "ctrl_bits";
    .port_info 1 /INPUT 17 "in_A_re";
    .port_info 2 /INPUT 17 "in_A_im";
    .port_info 3 /INPUT 17 "in_B_re";
    .port_info 4 /INPUT 17 "in_B_im";
    .port_info 5 /INPUT 17 "in_C_re";
    .port_info 6 /INPUT 17 "in_C_im";
    .port_info 7 /INPUT 17 "in_D_re";
    .port_info 8 /INPUT 17 "in_D_im";
    .port_info 9 /OUTPUT 18 "out0_re";
    .port_info 10 /OUTPUT 18 "out0_im";
    .port_info 11 /OUTPUT 18 "out1_re";
    .port_info 12 /OUTPUT 18 "out1_im";
    .port_info 13 /OUTPUT 18 "out2_re";
    .port_info 14 /OUTPUT 18 "out2_im";
    .port_info 15 /OUTPUT 18 "out3_re";
    .port_info 16 /OUTPUT 18 "out3_im";
v0000020d9947eb60_0 .net "ctrl_bits", 1 0, L_0000020d994f5620;  alias, 1 drivers
v0000020d9947f920_0 .net "in_A_im", 16 0, v0000020d9947f740_0;  alias, 1 drivers
v0000020d9947f240_0 .net "in_A_re", 16 0, v0000020d9947fba0_0;  alias, 1 drivers
v0000020d9947f7e0_0 .net "in_B_im", 16 0, v0000020d9947e660_0;  alias, 1 drivers
v0000020d9947fa60_0 .net "in_B_re", 16 0, v0000020d9947eac0_0;  alias, 1 drivers
v0000020d9947eca0_0 .net "in_C_im", 16 0, v0000020d9947e700_0;  alias, 1 drivers
v0000020d9947e8e0_0 .net "in_C_re", 16 0, v0000020d9947e7a0_0;  alias, 1 drivers
v0000020d9947f380_0 .net "in_D_im", 16 0, v0000020d9947e840_0;  alias, 1 drivers
v0000020d9947f9c0_0 .net "in_D_re", 16 0, v0000020d9947ea20_0;  alias, 1 drivers
v0000020d9947fb00_0 .var "out0_im", 17 0;
v0000020d9947fce0_0 .var "out0_re", 17 0;
v0000020d9947fc40_0 .var "out1_im", 17 0;
v0000020d9947efc0_0 .var "out1_re", 17 0;
v0000020d9947e980_0 .var "out2_im", 17 0;
v0000020d9947ed40_0 .var "out2_re", 17 0;
v0000020d9947ede0_0 .var "out3_im", 17 0;
v0000020d9947f060_0 .var "out3_re", 17 0;
E_0000020d9946ca80/0 .event anyedge, v0000020d9947eb60_0, v0000020d9947fba0_0, v0000020d9947eac0_0, v0000020d9947f740_0;
E_0000020d9946ca80/1 .event anyedge, v0000020d9947e660_0, v0000020d9947e7a0_0, v0000020d9947e840_0, v0000020d9947e700_0;
E_0000020d9946ca80/2 .event anyedge, v0000020d9947ea20_0;
E_0000020d9946ca80 .event/or E_0000020d9946ca80/0, E_0000020d9946ca80/1, E_0000020d9946ca80/2;
S_0000020d99428b80 .scope module, "inst_twd" "dsp_twd" 3 110, 6 1 0, S_0000020d99490870;
 .timescale -9 -12;
    .port_info 0 /INPUT 1 "clk";
    .port_info 1 /INPUT 1 "is_last_iteration";
    .port_info 2 /INPUT 10 "twd_addr";
    .port_info 3 /INPUT 18 "in0_re";
    .port_info 4 /INPUT 18 "in0_im";
    .port_info 5 /INPUT 18 "in1_re";
    .port_info 6 /INPUT 18 "in1_im";
    .port_info 7 /INPUT 18 "in2_re";
    .port_info 8 /INPUT 18 "in2_im";
    .port_info 9 /INPUT 18 "in3_re";
    .port_info 10 /INPUT 18 "in3_im";
    .port_info 11 /OUTPUT 16 "out0_re";
    .port_info 12 /OUTPUT 16 "out0_im";
    .port_info 13 /OUTPUT 16 "out1_re";
    .port_info 14 /OUTPUT 16 "out1_im";
    .port_info 15 /OUTPUT 16 "out2_re";
    .port_info 16 /OUTPUT 16 "out2_im";
    .port_info 17 /OUTPUT 16 "out3_re";
    .port_info 18 /OUTPUT 16 "out3_im";
v0000020d9947fd80_0 .net/s *"_ivl_0", 33 0, L_0000020d994f5580;  1 drivers
v0000020d9947f2e0_0 .net/s *"_ivl_100", 35 0, L_0000020d9954f790;  1 drivers
v0000020d9947f1a0_0 .net/s *"_ivl_102", 35 0, L_0000020d9954f830;  1 drivers
v0000020d9947f420_0 .net/s *"_ivl_105", 35 0, L_0000020d9954ff10;  1 drivers
v0000020d99459fd0_0 .net/s *"_ivl_106", 35 0, L_0000020d9954fab0;  1 drivers
v0000020d9940a990_0 .net/s *"_ivl_108", 35 0, L_0000020d9954fb50;  1 drivers
v0000020d994ec460_0 .net/s *"_ivl_111", 35 0, L_0000020d99556da0;  1 drivers
v0000020d994edb80_0 .net/s *"_ivl_114", 35 0, L_0000020d99557fc0;  1 drivers
v0000020d994ed900_0 .net/s *"_ivl_116", 35 0, L_0000020d99557660;  1 drivers
v0000020d994edfe0_0 .net/s *"_ivl_119", 35 0, L_0000020d99557980;  1 drivers
v0000020d994eda40_0 .net/s *"_ivl_12", 33 0, L_0000020d9954fd30;  1 drivers
v0000020d994ec3c0_0 .net/s *"_ivl_120", 35 0, L_0000020d99557a20;  1 drivers
v0000020d994ec280_0 .net/s *"_ivl_122", 35 0, L_0000020d99557de0;  1 drivers
v0000020d994ed5e0_0 .net/s *"_ivl_125", 35 0, L_0000020d99557c00;  1 drivers
v0000020d994ec140_0 .net/s *"_ivl_14", 33 0, L_0000020d9954ebb0;  1 drivers
v0000020d994ec640_0 .net/s *"_ivl_18", 33 0, L_0000020d9954ffb0;  1 drivers
v0000020d994ece60_0 .net/s *"_ivl_2", 33 0, L_0000020d994f5940;  1 drivers
v0000020d994ecaa0_0 .net/s *"_ivl_20", 33 0, L_0000020d9954fbf0;  1 drivers
v0000020d994ec500_0 .net/s *"_ivl_24", 33 0, L_0000020d9954e570;  1 drivers
v0000020d994ec780_0 .net/s *"_ivl_26", 33 0, L_0000020d9954f3d0;  1 drivers
v0000020d994edae0_0 .net/s *"_ivl_30", 33 0, L_0000020d9954e610;  1 drivers
v0000020d994ecb40_0 .net/s *"_ivl_32", 33 0, L_0000020d9954e390;  1 drivers
v0000020d994edc20_0 .net/s *"_ivl_36", 33 0, L_0000020d9954f0b0;  1 drivers
v0000020d994ecfa0_0 .net/s *"_ivl_38", 33 0, L_0000020d9954e6b0;  1 drivers
v0000020d994ec5a0_0 .net/s *"_ivl_42", 33 0, L_0000020d9954f970;  1 drivers
v0000020d994ed680_0 .net/s *"_ivl_44", 33 0, L_0000020d9954e750;  1 drivers
v0000020d994ecbe0_0 .net/s *"_ivl_48", 33 0, L_0000020d9954ea70;  1 drivers
v0000020d994ed0e0_0 .net/s *"_ivl_50", 33 0, L_0000020d9954f010;  1 drivers
v0000020d994ec320_0 .net/s *"_ivl_54", 33 0, L_0000020d9954ecf0;  1 drivers
v0000020d994ecc80_0 .net/s *"_ivl_56", 33 0, L_0000020d9954f150;  1 drivers
v0000020d994ede00_0 .net/s *"_ivl_6", 33 0, L_0000020d994f5da0;  1 drivers
v0000020d994ecdc0_0 .net/s *"_ivl_60", 33 0, L_0000020d9954e7f0;  1 drivers
v0000020d994ec8c0_0 .net/s *"_ivl_62", 33 0, L_0000020d99550050;  1 drivers
v0000020d994ec1e0_0 .net/s *"_ivl_66", 33 0, L_0000020d9954e430;  1 drivers
v0000020d994ed180_0 .net/s *"_ivl_68", 33 0, L_0000020d9954e4d0;  1 drivers
v0000020d994ec6e0_0 .net/s *"_ivl_72", 35 0, L_0000020d9954f290;  1 drivers
v0000020d994ed2c0_0 .net/s *"_ivl_74", 35 0, L_0000020d9954ef70;  1 drivers
v0000020d994ec820_0 .net/s *"_ivl_77", 35 0, L_0000020d9954f330;  1 drivers
v0000020d994ecf00_0 .net/s *"_ivl_78", 35 0, L_0000020d9954e930;  1 drivers
v0000020d994ec960_0 .net/s *"_ivl_8", 33 0, L_0000020d994f5ee0;  1 drivers
v0000020d994ed9a0_0 .net/s *"_ivl_80", 35 0, L_0000020d9954fc90;  1 drivers
v0000020d994edf40_0 .net/s *"_ivl_83", 35 0, L_0000020d9954f6f0;  1 drivers
v0000020d994eca00_0 .net/s *"_ivl_86", 35 0, L_0000020d9954f470;  1 drivers
v0000020d994ed220_0 .net/s *"_ivl_88", 35 0, L_0000020d9954eb10;  1 drivers
v0000020d994ecd20_0 .net/s *"_ivl_91", 35 0, L_0000020d9954f5b0;  1 drivers
v0000020d994ed040_0 .net/s *"_ivl_92", 35 0, L_0000020d9954f510;  1 drivers
v0000020d994ed360_0 .net/s *"_ivl_94", 35 0, L_0000020d9954fa10;  1 drivers
v0000020d994ed540_0 .net/s *"_ivl_97", 35 0, L_0000020d9954f650;  1 drivers
v0000020d994ed7c0_0 .net "clk", 0 0, v0000020d994f5300_0;  alias, 1 drivers
v0000020d994ed400_0 .var "cos_reg", 15 0;
v0000020d994ed4a0_0 .net "in0_im", 17 0, v0000020d9947fb00_0;  alias, 1 drivers
v0000020d994ed720_0 .net "in0_re", 17 0, v0000020d9947fce0_0;  alias, 1 drivers
v0000020d994ed860_0 .net "in1_im", 17 0, v0000020d9947fc40_0;  alias, 1 drivers
v0000020d994edcc0_0 .net "in1_re", 17 0, v0000020d9947efc0_0;  alias, 1 drivers
v0000020d994edd60_0 .net "in2_im", 17 0, v0000020d9947e980_0;  alias, 1 drivers
v0000020d994edea0_0 .net "in2_re", 17 0, v0000020d9947ed40_0;  alias, 1 drivers
v0000020d994eedd0_0 .net "in3_im", 17 0, v0000020d9947ede0_0;  alias, 1 drivers
v0000020d994ef730_0 .net "in3_re", 17 0, v0000020d9947f060_0;  alias, 1 drivers
v0000020d994ef550_0 .net "is_last_iteration", 0 0, L_0000020d994f4720;  alias, 1 drivers
v0000020d994ef0f0_0 .var/i "k", 31 0;
v0000020d994ef690_0 .var "out0_im", 15 0;
v0000020d994ee330_0 .var "out0_re", 15 0;
v0000020d994ee970_0 .var "out1_im", 15 0;
v0000020d994ee510_0 .var "out1_re", 15 0;
v0000020d994efeb0_0 .var "out2_im", 15 0;
v0000020d994eeb50_0 .var "out2_re", 15 0;
v0000020d994ef050_0 .var "out3_im", 15 0;
v0000020d994efaf0_0 .var "out3_re", 15 0;
v0000020d994ef410_0 .net/s "prod_1im_cos", 33 0, L_0000020d9954e890;  1 drivers
v0000020d994ef7d0_0 .net/s "prod_1im_sin", 33 0, L_0000020d9954f1f0;  1 drivers
v0000020d994eed30_0 .net/s "prod_1re_cos", 33 0, L_0000020d994f5a80;  1 drivers
v0000020d994eec90_0 .net/s "prod_1re_sin", 33 0, L_0000020d9954e250;  1 drivers
v0000020d994ee1f0_0 .net/s "prod_2im_cos", 33 0, L_0000020d9954ec50;  1 drivers
v0000020d994ee290_0 .net/s "prod_2im_sin", 33 0, L_0000020d9954fdd0;  1 drivers
v0000020d994ef190_0 .net/s "prod_2re_cos", 33 0, L_0000020d9954e1b0;  1 drivers
v0000020d994ee5b0_0 .net/s "prod_2re_sin", 33 0, L_0000020d9954e2f0;  1 drivers
v0000020d994ee650_0 .net/s "prod_3im_cos", 33 0, L_0000020d9954f8d0;  1 drivers
v0000020d994ee8d0_0 .net/s "prod_3im_sin", 33 0, L_0000020d9954ed90;  1 drivers
v0000020d994efb90_0 .net/s "prod_3re_cos", 33 0, L_0000020d9954ee30;  1 drivers
v0000020d994ef370_0 .net/s "prod_3re_sin", 33 0, L_0000020d9954eed0;  1 drivers
v0000020d994eee70_0 .net "pwr0", 35 0, L_0000020d9954e9d0;  1 drivers
v0000020d994efe10_0 .net "pwr1", 35 0, L_0000020d9954fe70;  1 drivers
v0000020d994efa50_0 .net "pwr2", 35 0, L_0000020d995575c0;  1 drivers
v0000020d994eeab0_0 .net "pwr3", 35 0, L_0000020d99556d00;  1 drivers
v0000020d994ef870_0 .var "r0_im", 17 0;
v0000020d994ee6f0_0 .var "r0_re", 17 0;
v0000020d994ef910_0 .var "r1_im", 17 0;
v0000020d994ef9b0_0 .var "r1_re", 17 0;
v0000020d994eefb0_0 .var "r2_im", 17 0;
v0000020d994ee830_0 .var "r2_re", 17 0;
v0000020d994ee150_0 .var "r3_im", 17 0;
v0000020d994ee790_0 .var "r3_re", 17 0;
v0000020d994eff50 .array "rom_cos", 1023 0, 15 0;
v0000020d994efff0 .array "rom_sin", 1023 0, 15 0;
v0000020d994efc30_0 .var "sin_reg", 15 0;
v0000020d994ee3d0_0 .net "twd_addr", 9 0, L_0000020d99495150;  alias, 1 drivers
E_0000020d9946cec0 .event posedge, v0000020d994ed7c0_0;
L_0000020d994f5580 .extend/s 34, v0000020d994ef9b0_0;
L_0000020d994f5940 .extend/s 34, v0000020d994ed400_0;
L_0000020d994f5a80 .arith/mult 34, L_0000020d994f5580, L_0000020d994f5940;
L_0000020d994f5da0 .extend/s 34, v0000020d994ef910_0;
L_0000020d994f5ee0 .extend/s 34, v0000020d994efc30_0;
L_0000020d9954f1f0 .arith/mult 34, L_0000020d994f5da0, L_0000020d994f5ee0;
L_0000020d9954fd30 .extend/s 34, v0000020d994ef9b0_0;
L_0000020d9954ebb0 .extend/s 34, v0000020d994efc30_0;
L_0000020d9954e250 .arith/mult 34, L_0000020d9954fd30, L_0000020d9954ebb0;
L_0000020d9954ffb0 .extend/s 34, v0000020d994ef910_0;
L_0000020d9954fbf0 .extend/s 34, v0000020d994ed400_0;
L_0000020d9954e890 .arith/mult 34, L_0000020d9954ffb0, L_0000020d9954fbf0;
L_0000020d9954e570 .extend/s 34, v0000020d994ee830_0;
L_0000020d9954f3d0 .extend/s 34, v0000020d994ed400_0;
L_0000020d9954e1b0 .arith/mult 34, L_0000020d9954e570, L_0000020d9954f3d0;
L_0000020d9954e610 .extend/s 34, v0000020d994eefb0_0;
L_0000020d9954e390 .extend/s 34, v0000020d994efc30_0;
L_0000020d9954fdd0 .arith/mult 34, L_0000020d9954e610, L_0000020d9954e390;
L_0000020d9954f0b0 .extend/s 34, v0000020d994ee830_0;
L_0000020d9954e6b0 .extend/s 34, v0000020d994efc30_0;
L_0000020d9954e2f0 .arith/mult 34, L_0000020d9954f0b0, L_0000020d9954e6b0;
L_0000020d9954f970 .extend/s 34, v0000020d994eefb0_0;
L_0000020d9954e750 .extend/s 34, v0000020d994ed400_0;
L_0000020d9954ec50 .arith/mult 34, L_0000020d9954f970, L_0000020d9954e750;
L_0000020d9954ea70 .extend/s 34, v0000020d994ee790_0;
L_0000020d9954f010 .extend/s 34, v0000020d994ed400_0;
L_0000020d9954ee30 .arith/mult 34, L_0000020d9954ea70, L_0000020d9954f010;
L_0000020d9954ecf0 .extend/s 34, v0000020d994ee150_0;
L_0000020d9954f150 .extend/s 34, v0000020d994efc30_0;
L_0000020d9954ed90 .arith/mult 34, L_0000020d9954ecf0, L_0000020d9954f150;
L_0000020d9954e7f0 .extend/s 34, v0000020d994ee790_0;
L_0000020d99550050 .extend/s 34, v0000020d994efc30_0;
L_0000020d9954eed0 .arith/mult 34, L_0000020d9954e7f0, L_0000020d99550050;
L_0000020d9954e430 .extend/s 34, v0000020d994ee150_0;
L_0000020d9954e4d0 .extend/s 34, v0000020d994ed400_0;
L_0000020d9954f8d0 .arith/mult 34, L_0000020d9954e430, L_0000020d9954e4d0;
L_0000020d9954f290 .extend/s 36, v0000020d9947fce0_0;
L_0000020d9954ef70 .extend/s 36, v0000020d9947fce0_0;
L_0000020d9954f330 .arith/mult 36, L_0000020d9954f290, L_0000020d9954ef70;
L_0000020d9954e930 .extend/s 36, v0000020d9947fb00_0;
L_0000020d9954fc90 .extend/s 36, v0000020d9947fb00_0;
L_0000020d9954f6f0 .arith/mult 36, L_0000020d9954e930, L_0000020d9954fc90;
L_0000020d9954e9d0 .arith/sum 36, L_0000020d9954f330, L_0000020d9954f6f0;
L_0000020d9954f470 .extend/s 36, v0000020d9947efc0_0;
L_0000020d9954eb10 .extend/s 36, v0000020d9947efc0_0;
L_0000020d9954f5b0 .arith/mult 36, L_0000020d9954f470, L_0000020d9954eb10;
L_0000020d9954f510 .extend/s 36, v0000020d9947fc40_0;
L_0000020d9954fa10 .extend/s 36, v0000020d9947fc40_0;
L_0000020d9954f650 .arith/mult 36, L_0000020d9954f510, L_0000020d9954fa10;
L_0000020d9954fe70 .arith/sum 36, L_0000020d9954f5b0, L_0000020d9954f650;
L_0000020d9954f790 .extend/s 36, v0000020d9947ed40_0;
L_0000020d9954f830 .extend/s 36, v0000020d9947ed40_0;
L_0000020d9954ff10 .arith/mult 36, L_0000020d9954f790, L_0000020d9954f830;
L_0000020d9954fab0 .extend/s 36, v0000020d9947e980_0;
L_0000020d9954fb50 .extend/s 36, v0000020d9947e980_0;
L_0000020d99556da0 .arith/mult 36, L_0000020d9954fab0, L_0000020d9954fb50;
L_0000020d995575c0 .arith/sum 36, L_0000020d9954ff10, L_0000020d99556da0;
L_0000020d99557fc0 .extend/s 36, v0000020d9947f060_0;
L_0000020d99557660 .extend/s 36, v0000020d9947f060_0;
L_0000020d99557980 .arith/mult 36, L_0000020d99557fc0, L_0000020d99557660;
L_0000020d99557a20 .extend/s 36, v0000020d9947ede0_0;
L_0000020d99557de0 .extend/s 36, v0000020d9947ede0_0;
L_0000020d99557c00 .arith/mult 36, L_0000020d99557a20, L_0000020d99557de0;
L_0000020d99556d00 .arith/sum 36, L_0000020d99557980, L_0000020d99557c00;
S_0000020d99428e50 .scope module, "mem0" "bram_bank" 3 133, 7 1 0, S_0000020d99490870;
 .timescale -9 -12;
    .port_info 0 /INPUT 1 "clk";
    .port_info 1 /INPUT 1 "we";
    .port_info 2 /INPUT 10 "waddr";
    .port_info 3 /INPUT 32 "wdata";
    .port_info 4 /INPUT 10 "raddr";
    .port_info 5 /OUTPUT 32 "rdata";
P_0000020d99399040 .param/l "ADDR_WIDTH" 0 7 3, +C4<00000000000000000000000000001010>;
P_0000020d99399078 .param/l "DATA_WIDTH" 0 7 2, +C4<00000000000000000000000000100000>;
v0000020d994ee470_0 .net "clk", 0 0, v0000020d994f5300_0;  alias, 1 drivers
v0000020d994ef2d0_0 .net "raddr", 9 0, L_0000020d99494510;  alias, 1 drivers
v0000020d994eea10 .array "ram", 1023 0, 31 0;
v0000020d994eebf0_0 .var "rdata", 31 0;
v0000020d994eef10_0 .net "waddr", 9 0, L_0000020d99494c80;  alias, 1 drivers
v0000020d994ef230_0 .net "wdata", 31 0, L_0000020d99556b20;  alias, 1 drivers
v0000020d994ef4b0_0 .net "we", 0 0, L_0000020d994942e0;  alias, 1 drivers
S_0000020d99438d80 .scope module, "mem1" "bram_bank" 3 134, 7 1 0, S_0000020d99490870;
 .timescale -9 -12;
    .port_info 0 /INPUT 1 "clk";
    .port_info 1 /INPUT 1 "we";
    .port_info 2 /INPUT 10 "waddr";
    .port_info 3 /INPUT 32 "wdata";
    .port_info 4 /INPUT 10 "raddr";
    .port_info 5 /OUTPUT 32 "rdata";
P_0000020d993991c0 .param/l "ADDR_WIDTH" 0 7 3, +C4<00000000000000000000000000001010>;
P_0000020d993991f8 .param/l "DATA_WIDTH" 0 7 2, +C4<00000000000000000000000000100000>;
v0000020d994ef5f0_0 .net "clk", 0 0, v0000020d994f5300_0;  alias, 1 drivers
v0000020d994efcd0_0 .net "raddr", 9 0, L_0000020d99494eb0;  alias, 1 drivers
v0000020d9947f100 .array "ram", 1023 0, 31 0;
v0000020d994f1920_0 .var "rdata", 31 0;
v0000020d994f0a20_0 .net "waddr", 9 0, L_0000020d99494f20;  alias, 1 drivers
v0000020d994f1880_0 .net "wdata", 31 0, L_0000020d995569e0;  alias, 1 drivers
v0000020d994f0f20_0 .net "we", 0 0, L_0000020d994942e0;  alias, 1 drivers
S_0000020d99438f10 .scope module, "mem2" "bram_bank" 3 135, 7 1 0, S_0000020d99490870;
 .timescale -9 -12;
    .port_info 0 /INPUT 1 "clk";
    .port_info 1 /INPUT 1 "we";
    .port_info 2 /INPUT 10 "waddr";
    .port_info 3 /INPUT 32 "wdata";
    .port_info 4 /INPUT 10 "raddr";
    .port_info 5 /OUTPUT 32 "rdata";
P_0000020d99398f40 .param/l "ADDR_WIDTH" 0 7 3, +C4<00000000000000000000000000001010>;
P_0000020d99398f78 .param/l "DATA_WIDTH" 0 7 2, +C4<00000000000000000000000000100000>;
v0000020d994f0200_0 .net "clk", 0 0, v0000020d994f5300_0;  alias, 1 drivers
v0000020d994f1ce0_0 .net "raddr", 9 0, L_0000020d99494f90;  alias, 1 drivers
v0000020d994f0b60 .array "ram", 1023 0, 31 0;
v0000020d994f0340_0 .var "rdata", 31 0;
v0000020d994f0160_0 .net "waddr", 9 0, L_0000020d99495070;  alias, 1 drivers
v0000020d994f02a0_0 .net "wdata", 31 0, L_0000020d99557340;  alias, 1 drivers
v0000020d994f0980_0 .net "we", 0 0, L_0000020d994942e0;  alias, 1 drivers
S_0000020d994390a0 .scope module, "mem3" "bram_bank" 3 136, 7 1 0, S_0000020d99490870;
 .timescale -9 -12;
    .port_info 0 /INPUT 1 "clk";
    .port_info 1 /INPUT 1 "we";
    .port_info 2 /INPUT 10 "waddr";
    .port_info 3 /INPUT 32 "wdata";
    .port_info 4 /INPUT 10 "raddr";
    .port_info 5 /OUTPUT 32 "rdata";
P_0000020d99398dc0 .param/l "ADDR_WIDTH" 0 7 3, +C4<00000000000000000000000000001010>;
P_0000020d99398df8 .param/l "DATA_WIDTH" 0 7 2, +C4<00000000000000000000000000100000>;
v0000020d994f07a0_0 .net "clk", 0 0, v0000020d994f5300_0;  alias, 1 drivers
v0000020d994f0700_0 .net "raddr", 9 0, L_0000020d99494200;  alias, 1 drivers
v0000020d994f0480 .array "ram", 1023 0, 31 0;
v0000020d994f1ec0_0 .var "rdata", 31 0;
v0000020d994f1d80_0 .net "waddr", 9 0, L_0000020d99494270;  alias, 1 drivers
v0000020d994f0840_0 .net "wdata", 31 0, L_0000020d99557160;  alias, 1 drivers
v0000020d994f1420_0 .net "we", 0 0, L_0000020d994942e0;  alias, 1 drivers
    .scope S_0000020d993f17e0;
T_0 ;
    %wait E_0000020d9946d500;
    %load/vec4 v0000020d9947f880_0;
    %dup/vec4;
    %pushi/vec4 0, 0, 2;
    %cmp/u;
    %jmp/1 T_0.0, 6;
    %dup/vec4;
    %pushi/vec4 1, 0, 2;
    %cmp/u;
    %jmp/1 T_0.1, 6;
    %dup/vec4;
    %pushi/vec4 2, 0, 2;
    %cmp/u;
    %jmp/1 T_0.2, 6;
    %dup/vec4;
    %pushi/vec4 3, 0, 2;
    %cmp/u;
    %jmp/1 T_0.3, 6;
    %jmp T_0.4;
T_0.0 ;
    %load/vec4 v0000020d9947e160_0;
    %pad/s 17;
    %load/vec4 v0000020d9947ef20_0;
    %pad/s 17;
    %add;
    %store/vec4 v0000020d9947fba0_0, 0, 17;
    %load/vec4 v0000020d9947e520_0;
    %pad/s 17;
    %load/vec4 v0000020d9947f560_0;
    %pad/s 17;
    %add;
    %store/vec4 v0000020d9947f740_0, 0, 17;
    %load/vec4 v0000020d9947e5c0_0;
    %pad/s 17;
    %load/vec4 v0000020d9947e0c0_0;
    %pad/s 17;
    %add;
    %store/vec4 v0000020d9947eac0_0, 0, 17;
    %load/vec4 v0000020d9947e340_0;
    %pad/s 17;
    %load/vec4 v0000020d9947e020_0;
    %pad/s 17;
    %add;
    %store/vec4 v0000020d9947e660_0, 0, 17;
    %load/vec4 v0000020d9947e160_0;
    %pad/s 17;
    %load/vec4 v0000020d9947ef20_0;
    %pad/s 17;
    %sub;
    %store/vec4 v0000020d9947e7a0_0, 0, 17;
    %load/vec4 v0000020d9947e520_0;
    %pad/s 17;
    %load/vec4 v0000020d9947f560_0;
    %pad/s 17;
    %sub;
    %store/vec4 v0000020d9947e700_0, 0, 17;
    %load/vec4 v0000020d9947e5c0_0;
    %pad/s 17;
    %load/vec4 v0000020d9947e0c0_0;
    %pad/s 17;
    %sub;
    %store/vec4 v0000020d9947ea20_0, 0, 17;
    %load/vec4 v0000020d9947e340_0;
    %pad/s 17;
    %load/vec4 v0000020d9947e020_0;
    %pad/s 17;
    %sub;
    %store/vec4 v0000020d9947e840_0, 0, 17;
    %jmp T_0.4;
T_0.1 ;
    %load/vec4 v0000020d9947e5c0_0;
    %pad/s 17;
    %load/vec4 v0000020d9947e0c0_0;
    %pad/s 17;
    %add;
    %store/vec4 v0000020d9947fba0_0, 0, 17;
    %load/vec4 v0000020d9947e340_0;
    %pad/s 17;
    %load/vec4 v0000020d9947e020_0;
    %pad/s 17;
    %add;
    %store/vec4 v0000020d9947f740_0, 0, 17;
    %load/vec4 v0000020d9947e160_0;
    %pad/s 17;
    %load/vec4 v0000020d9947ef20_0;
    %pad/s 17;
    %add;
    %store/vec4 v0000020d9947eac0_0, 0, 17;
    %load/vec4 v0000020d9947e520_0;
    %pad/s 17;
    %load/vec4 v0000020d9947f560_0;
    %pad/s 17;
    %add;
    %store/vec4 v0000020d9947e660_0, 0, 17;
    %load/vec4 v0000020d9947e5c0_0;
    %pad/s 17;
    %load/vec4 v0000020d9947e0c0_0;
    %pad/s 17;
    %sub;
    %store/vec4 v0000020d9947e7a0_0, 0, 17;
    %load/vec4 v0000020d9947e340_0;
    %pad/s 17;
    %load/vec4 v0000020d9947e020_0;
    %pad/s 17;
    %sub;
    %store/vec4 v0000020d9947e700_0, 0, 17;
    %load/vec4 v0000020d9947e160_0;
    %pad/s 17;
    %load/vec4 v0000020d9947ef20_0;
    %pad/s 17;
    %sub;
    %store/vec4 v0000020d9947ea20_0, 0, 17;
    %load/vec4 v0000020d9947e520_0;
    %pad/s 17;
    %load/vec4 v0000020d9947f560_0;
    %pad/s 17;
    %sub;
    %store/vec4 v0000020d9947e840_0, 0, 17;
    %jmp T_0.4;
T_0.2 ;
    %load/vec4 v0000020d9947ef20_0;
    %pad/s 17;
    %load/vec4 v0000020d9947e160_0;
    %pad/s 17;
    %add;
    %store/vec4 v0000020d9947fba0_0, 0, 17;
    %load/vec4 v0000020d9947f560_0;
    %pad/s 17;
    %load/vec4 v0000020d9947e520_0;
    %pad/s 17;
    %add;
    %store/vec4 v0000020d9947f740_0, 0, 17;
    %load/vec4 v0000020d9947e0c0_0;
    %pad/s 17;
    %load/vec4 v0000020d9947e5c0_0;
    %pad/s 17;
    %add;
    %store/vec4 v0000020d9947eac0_0, 0, 17;
    %load/vec4 v0000020d9947e020_0;
    %pad/s 17;
    %load/vec4 v0000020d9947e340_0;
    %pad/s 17;
    %add;
    %store/vec4 v0000020d9947e660_0, 0, 17;
    %load/vec4 v0000020d9947ef20_0;
    %pad/s 17;
    %load/vec4 v0000020d9947e160_0;
    %pad/s 17;
    %sub;
    %store/vec4 v0000020d9947e7a0_0, 0, 17;
    %load/vec4 v0000020d9947f560_0;
    %pad/s 17;
    %load/vec4 v0000020d9947e520_0;
    %pad/s 17;
    %sub;
    %store/vec4 v0000020d9947e700_0, 0, 17;
    %load/vec4 v0000020d9947e0c0_0;
    %pad/s 17;
    %load/vec4 v0000020d9947e5c0_0;
    %pad/s 17;
    %sub;
    %store/vec4 v0000020d9947ea20_0, 0, 17;
    %load/vec4 v0000020d9947e020_0;
    %pad/s 17;
    %load/vec4 v0000020d9947e340_0;
    %pad/s 17;
    %sub;
    %store/vec4 v0000020d9947e840_0, 0, 17;
    %jmp T_0.4;
T_0.3 ;
    %load/vec4 v0000020d9947e0c0_0;
    %pad/s 17;
    %load/vec4 v0000020d9947e5c0_0;
    %pad/s 17;
    %add;
    %store/vec4 v0000020d9947fba0_0, 0, 17;
    %load/vec4 v0000020d9947e020_0;
    %pad/s 17;
    %load/vec4 v0000020d9947e340_0;
    %pad/s 17;
    %add;
    %store/vec4 v0000020d9947f740_0, 0, 17;
    %load/vec4 v0000020d9947ef20_0;
    %pad/s 17;
    %load/vec4 v0000020d9947e160_0;
    %pad/s 17;
    %add;
    %store/vec4 v0000020d9947eac0_0, 0, 17;
    %load/vec4 v0000020d9947f560_0;
    %pad/s 17;
    %load/vec4 v0000020d9947e520_0;
    %pad/s 17;
    %add;
    %store/vec4 v0000020d9947e660_0, 0, 17;
    %load/vec4 v0000020d9947e0c0_0;
    %pad/s 17;
    %load/vec4 v0000020d9947e5c0_0;
    %pad/s 17;
    %sub;
    %store/vec4 v0000020d9947e7a0_0, 0, 17;
    %load/vec4 v0000020d9947e020_0;
    %pad/s 17;
    %load/vec4 v0000020d9947e340_0;
    %pad/s 17;
    %sub;
    %store/vec4 v0000020d9947e700_0, 0, 17;
    %load/vec4 v0000020d9947ef20_0;
    %pad/s 17;
    %load/vec4 v0000020d9947e160_0;
    %pad/s 17;
    %sub;
    %store/vec4 v0000020d9947ea20_0, 0, 17;
    %load/vec4 v0000020d9947f560_0;
    %pad/s 17;
    %load/vec4 v0000020d9947e520_0;
    %pad/s 17;
    %sub;
    %store/vec4 v0000020d9947e840_0, 0, 17;
    %jmp T_0.4;
T_0.4 ;
    %pop/vec4 1;
    %jmp T_0;
    .thread T_0, $push;
    .scope S_0000020d993f1970;
T_1 ;
    %wait E_0000020d9946ca80;
    %load/vec4 v0000020d9947eb60_0;
    %dup/vec4;
    %pushi/vec4 0, 0, 2;
    %cmp/u;
    %jmp/1 T_1.0, 6;
    %dup/vec4;
    %pushi/vec4 1, 0, 2;
    %cmp/u;
    %jmp/1 T_1.1, 6;
    %dup/vec4;
    %pushi/vec4 2, 0, 2;
    %cmp/u;
    %jmp/1 T_1.2, 6;
    %dup/vec4;
    %pushi/vec4 3, 0, 2;
    %cmp/u;
    %jmp/1 T_1.3, 6;
    %jmp T_1.4;
T_1.0 ;
    %load/vec4 v0000020d9947f240_0;
    %pad/s 18;
    %load/vec4 v0000020d9947fa60_0;
    %pad/s 18;
    %add;
    %store/vec4 v0000020d9947fce0_0, 0, 18;
    %load/vec4 v0000020d9947f920_0;
    %pad/s 18;
    %load/vec4 v0000020d9947f7e0_0;
    %pad/s 18;
    %add;
    %store/vec4 v0000020d9947fb00_0, 0, 18;
    %load/vec4 v0000020d9947f240_0;
    %pad/s 18;
    %load/vec4 v0000020d9947fa60_0;
    %pad/s 18;
    %sub;
    %store/vec4 v0000020d9947efc0_0, 0, 18;
    %load/vec4 v0000020d9947f920_0;
    %pad/s 18;
    %load/vec4 v0000020d9947f7e0_0;
    %pad/s 18;
    %sub;
    %store/vec4 v0000020d9947fc40_0, 0, 18;
    %load/vec4 v0000020d9947e8e0_0;
    %pad/s 18;
    %load/vec4 v0000020d9947f380_0;
    %pad/s 18;
    %sub;
    %store/vec4 v0000020d9947ed40_0, 0, 18;
    %load/vec4 v0000020d9947eca0_0;
    %pad/s 18;
    %load/vec4 v0000020d9947f9c0_0;
    %pad/s 18;
    %add;
    %store/vec4 v0000020d9947e980_0, 0, 18;
    %load/vec4 v0000020d9947e8e0_0;
    %pad/s 18;
    %load/vec4 v0000020d9947f380_0;
    %pad/s 18;
    %add;
    %store/vec4 v0000020d9947f060_0, 0, 18;
    %load/vec4 v0000020d9947eca0_0;
    %pad/s 18;
    %load/vec4 v0000020d9947f9c0_0;
    %pad/s 18;
    %sub;
    %store/vec4 v0000020d9947ede0_0, 0, 18;
    %jmp T_1.4;
T_1.1 ;
    %load/vec4 v0000020d9947f240_0;
    %pad/s 18;
    %load/vec4 v0000020d9947fa60_0;
    %pad/s 18;
    %sub;
    %store/vec4 v0000020d9947fce0_0, 0, 18;
    %load/vec4 v0000020d9947f920_0;
    %pad/s 18;
    %load/vec4 v0000020d9947f7e0_0;
    %pad/s 18;
    %sub;
    %store/vec4 v0000020d9947fb00_0, 0, 18;
    %load/vec4 v0000020d9947f240_0;
    %pad/s 18;
    %load/vec4 v0000020d9947fa60_0;
    %pad/s 18;
    %add;
    %store/vec4 v0000020d9947efc0_0, 0, 18;
    %load/vec4 v0000020d9947f920_0;
    %pad/s 18;
    %load/vec4 v0000020d9947f7e0_0;
    %pad/s 18;
    %add;
    %store/vec4 v0000020d9947fc40_0, 0, 18;
    %load/vec4 v0000020d9947e8e0_0;
    %pad/s 18;
    %load/vec4 v0000020d9947f380_0;
    %pad/s 18;
    %add;
    %store/vec4 v0000020d9947ed40_0, 0, 18;
    %load/vec4 v0000020d9947eca0_0;
    %pad/s 18;
    %load/vec4 v0000020d9947f9c0_0;
    %pad/s 18;
    %sub;
    %store/vec4 v0000020d9947e980_0, 0, 18;
    %load/vec4 v0000020d9947e8e0_0;
    %pad/s 18;
    %load/vec4 v0000020d9947f380_0;
    %pad/s 18;
    %sub;
    %store/vec4 v0000020d9947f060_0, 0, 18;
    %load/vec4 v0000020d9947eca0_0;
    %pad/s 18;
    %load/vec4 v0000020d9947f9c0_0;
    %pad/s 18;
    %add;
    %store/vec4 v0000020d9947ede0_0, 0, 18;
    %jmp T_1.4;
T_1.2 ;
    %load/vec4 v0000020d9947e8e0_0;
    %pad/s 18;
    %load/vec4 v0000020d9947f380_0;
    %pad/s 18;
    %sub;
    %store/vec4 v0000020d9947fce0_0, 0, 18;
    %load/vec4 v0000020d9947eca0_0;
    %pad/s 18;
    %load/vec4 v0000020d9947f9c0_0;
    %pad/s 18;
    %add;
    %store/vec4 v0000020d9947fb00_0, 0, 18;
    %load/vec4 v0000020d9947e8e0_0;
    %pad/s 18;
    %load/vec4 v0000020d9947f380_0;
    %pad/s 18;
    %add;
    %store/vec4 v0000020d9947efc0_0, 0, 18;
    %load/vec4 v0000020d9947eca0_0;
    %pad/s 18;
    %load/vec4 v0000020d9947f9c0_0;
    %pad/s 18;
    %sub;
    %store/vec4 v0000020d9947fc40_0, 0, 18;
    %load/vec4 v0000020d9947f240_0;
    %pad/s 18;
    %load/vec4 v0000020d9947fa60_0;
    %pad/s 18;
    %add;
    %store/vec4 v0000020d9947ed40_0, 0, 18;
    %load/vec4 v0000020d9947f920_0;
    %pad/s 18;
    %load/vec4 v0000020d9947f7e0_0;
    %pad/s 18;
    %add;
    %store/vec4 v0000020d9947e980_0, 0, 18;
    %load/vec4 v0000020d9947f240_0;
    %pad/s 18;
    %load/vec4 v0000020d9947fa60_0;
    %pad/s 18;
    %sub;
    %store/vec4 v0000020d9947f060_0, 0, 18;
    %load/vec4 v0000020d9947f920_0;
    %pad/s 18;
    %load/vec4 v0000020d9947f7e0_0;
    %pad/s 18;
    %sub;
    %store/vec4 v0000020d9947ede0_0, 0, 18;
    %jmp T_1.4;
T_1.3 ;
    %load/vec4 v0000020d9947e8e0_0;
    %pad/s 18;
    %load/vec4 v0000020d9947f380_0;
    %pad/s 18;
    %add;
    %store/vec4 v0000020d9947fce0_0, 0, 18;
    %load/vec4 v0000020d9947eca0_0;
    %pad/s 18;
    %load/vec4 v0000020d9947f9c0_0;
    %pad/s 18;
    %sub;
    %store/vec4 v0000020d9947fb00_0, 0, 18;
    %load/vec4 v0000020d9947e8e0_0;
    %pad/s 18;
    %load/vec4 v0000020d9947f380_0;
    %pad/s 18;
    %sub;
    %store/vec4 v0000020d9947efc0_0, 0, 18;
    %load/vec4 v0000020d9947eca0_0;
    %pad/s 18;
    %load/vec4 v0000020d9947f9c0_0;
    %pad/s 18;
    %add;
    %store/vec4 v0000020d9947fc40_0, 0, 18;
    %load/vec4 v0000020d9947f240_0;
    %pad/s 18;
    %load/vec4 v0000020d9947fa60_0;
    %pad/s 18;
    %sub;
    %store/vec4 v0000020d9947ed40_0, 0, 18;
    %load/vec4 v0000020d9947f920_0;
    %pad/s 18;
    %load/vec4 v0000020d9947f7e0_0;
    %pad/s 18;
    %sub;
    %store/vec4 v0000020d9947e980_0, 0, 18;
    %load/vec4 v0000020d9947f240_0;
    %pad/s 18;
    %load/vec4 v0000020d9947fa60_0;
    %pad/s 18;
    %add;
    %store/vec4 v0000020d9947f060_0, 0, 18;
    %load/vec4 v0000020d9947f920_0;
    %pad/s 18;
    %load/vec4 v0000020d9947f7e0_0;
    %pad/s 18;
    %add;
    %store/vec4 v0000020d9947ede0_0, 0, 18;
    %jmp T_1.4;
T_1.4 ;
    %pop/vec4 1;
    %jmp T_1;
    .thread T_1, $push;
    .scope S_0000020d99428b80;
T_2 ;
    %pushi/vec4 0, 0, 32;
    %store/vec4 v0000020d994ef0f0_0, 0, 32;
T_2.0 ;
    %load/vec4 v0000020d994ef0f0_0;
    %cmpi/s 1024, 0, 32;
    %jmp/0xz T_2.1, 5;
    %pushi/vec4 32767, 0, 16;
    %ix/getv/s 4, v0000020d994ef0f0_0;
    %store/vec4a v0000020d994eff50, 4, 0;
    %pushi/vec4 0, 0, 16;
    %ix/getv/s 4, v0000020d994ef0f0_0;
    %store/vec4a v0000020d994efff0, 4, 0;
    %load/vec4 v0000020d994ef0f0_0;
    %addi 1, 0, 32;
    %store/vec4 v0000020d994ef0f0_0, 0, 32;
    %jmp T_2.0;
T_2.1 ;
    %end;
    .thread T_2;
    .scope S_0000020d99428b80;
T_3 ;
    %wait E_0000020d9946cec0;
    %load/vec4 v0000020d994ee3d0_0;
    %pad/u 12;
    %ix/vec4 4;
    %load/vec4a v0000020d994eff50, 4;
    %assign/vec4 v0000020d994ed400_0, 0;
    %load/vec4 v0000020d994ee3d0_0;
    %pad/u 12;
    %ix/vec4 4;
    %load/vec4a v0000020d994efff0, 4;
    %assign/vec4 v0000020d994efc30_0, 0;
    %jmp T_3;
    .thread T_3;
    .scope S_0000020d99428b80;
T_4 ;
    %wait E_0000020d9946cec0;
    %load/vec4 v0000020d994ed720_0;
    %assign/vec4 v0000020d994ee6f0_0, 0;
    %load/vec4 v0000020d994ed4a0_0;
    %assign/vec4 v0000020d994ef870_0, 0;
    %load/vec4 v0000020d994edcc0_0;
    %assign/vec4 v0000020d994ef9b0_0, 0;
    %load/vec4 v0000020d994ed860_0;
    %assign/vec4 v0000020d994ef910_0, 0;
    %load/vec4 v0000020d994edea0_0;
    %assign/vec4 v0000020d994ee830_0, 0;
    %load/vec4 v0000020d994edd60_0;
    %assign/vec4 v0000020d994eefb0_0, 0;
    %load/vec4 v0000020d994ef730_0;
    %assign/vec4 v0000020d994ee790_0, 0;
    %load/vec4 v0000020d994eedd0_0;
    %assign/vec4 v0000020d994ee150_0, 0;
    %jmp T_4;
    .thread T_4;
    .scope S_0000020d99428b80;
T_5 ;
    %wait E_0000020d9946cec0;
    %load/vec4 v0000020d994ef550_0;
    %flag_set/vec4 8;
    %jmp/0xz  T_5.0, 8;
    %load/vec4 v0000020d994eee70_0;
    %parti/s 16, 16, 6;
    %assign/vec4 v0000020d994ee330_0, 0;
    %pushi/vec4 0, 0, 16;
    %assign/vec4 v0000020d994ef690_0, 0;
    %load/vec4 v0000020d994efe10_0;
    %parti/s 16, 16, 6;
    %assign/vec4 v0000020d994ee510_0, 0;
    %pushi/vec4 0, 0, 16;
    %assign/vec4 v0000020d994ee970_0, 0;
    %load/vec4 v0000020d994efa50_0;
    %parti/s 16, 16, 6;
    %assign/vec4 v0000020d994eeb50_0, 0;
    %pushi/vec4 0, 0, 16;
    %assign/vec4 v0000020d994efeb0_0, 0;
    %load/vec4 v0000020d994eeab0_0;
    %parti/s 16, 16, 6;
    %assign/vec4 v0000020d994efaf0_0, 0;
    %pushi/vec4 0, 0, 16;
    %assign/vec4 v0000020d994ef050_0, 0;
    %jmp T_5.1;
T_5.0 ;
    %load/vec4 v0000020d994ee6f0_0;
    %parti/s 16, 2, 3;
    %assign/vec4 v0000020d994ee330_0, 0;
    %load/vec4 v0000020d994ef870_0;
    %parti/s 16, 2, 3;
    %assign/vec4 v0000020d994ef690_0, 0;
    %load/vec4 v0000020d994eed30_0;
    %load/vec4 v0000020d994ef7d0_0;
    %sub;
    %ix/load 4, 15, 0;
    %flag_set/imm 4, 0;
    %shiftr/s 4;
    %pad/s 16;
    %assign/vec4 v0000020d994ee510_0, 0;
    %load/vec4 v0000020d994eec90_0;
    %load/vec4 v0000020d994ef410_0;
    %add;
    %ix/load 4, 15, 0;
    %flag_set/imm 4, 0;
    %shiftr/s 4;
    %pad/s 16;
    %assign/vec4 v0000020d994ee970_0, 0;
    %load/vec4 v0000020d994ef190_0;
    %load/vec4 v0000020d994ee290_0;
    %sub;
    %ix/load 4, 15, 0;
    %flag_set/imm 4, 0;
    %shiftr/s 4;
    %pad/s 16;
    %assign/vec4 v0000020d994eeb50_0, 0;
    %load/vec4 v0000020d994ee5b0_0;
    %load/vec4 v0000020d994ee1f0_0;
    %add;
    %ix/load 4, 15, 0;
    %flag_set/imm 4, 0;
    %shiftr/s 4;
    %pad/s 16;
    %assign/vec4 v0000020d994efeb0_0, 0;
    %load/vec4 v0000020d994efb90_0;
    %load/vec4 v0000020d994ee8d0_0;
    %sub;
    %ix/load 4, 15, 0;
    %flag_set/imm 4, 0;
    %shiftr/s 4;
    %pad/s 16;
    %assign/vec4 v0000020d994efaf0_0, 0;
    %load/vec4 v0000020d994ef370_0;
    %load/vec4 v0000020d994ee650_0;
    %add;
    %ix/load 4, 15, 0;
    %flag_set/imm 4, 0;
    %shiftr/s 4;
    %pad/s 16;
    %assign/vec4 v0000020d994ef050_0, 0;
T_5.1 ;
    %jmp T_5;
    .thread T_5;
    .scope S_0000020d99428e50;
T_6 ;
    %wait E_0000020d9946cec0;
    %load/vec4 v0000020d994ef4b0_0;
    %flag_set/vec4 8;
    %jmp/0xz  T_6.0, 8;
    %load/vec4 v0000020d994ef230_0;
    %load/vec4 v0000020d994eef10_0;
    %pad/u 12;
    %ix/vec4 3;
    %ix/load 4, 0, 0; Constant delay
    %assign/vec4/a/d v0000020d994eea10, 0, 4;
T_6.0 ;
    %load/vec4 v0000020d994ef2d0_0;
    %pad/u 12;
    %ix/vec4 4;
    %load/vec4a v0000020d994eea10, 4;
    %assign/vec4 v0000020d994eebf0_0, 0;
    %jmp T_6;
    .thread T_6;
    .scope S_0000020d99438d80;
T_7 ;
    %wait E_0000020d9946cec0;
    %load/vec4 v0000020d994f0f20_0;
    %flag_set/vec4 8;
    %jmp/0xz  T_7.0, 8;
    %load/vec4 v0000020d994f1880_0;
    %load/vec4 v0000020d994f0a20_0;
    %pad/u 12;
    %ix/vec4 3;
    %ix/load 4, 0, 0; Constant delay
    %assign/vec4/a/d v0000020d9947f100, 0, 4;
T_7.0 ;
    %load/vec4 v0000020d994efcd0_0;
    %pad/u 12;
    %ix/vec4 4;
    %load/vec4a v0000020d9947f100, 4;
    %assign/vec4 v0000020d994f1920_0, 0;
    %jmp T_7;
    .thread T_7;
    .scope S_0000020d99438f10;
T_8 ;
    %wait E_0000020d9946cec0;
    %load/vec4 v0000020d994f0980_0;
    %flag_set/vec4 8;
    %jmp/0xz  T_8.0, 8;
    %load/vec4 v0000020d994f02a0_0;
    %load/vec4 v0000020d994f0160_0;
    %pad/u 12;
    %ix/vec4 3;
    %ix/load 4, 0, 0; Constant delay
    %assign/vec4/a/d v0000020d994f0b60, 0, 4;
T_8.0 ;
    %load/vec4 v0000020d994f1ce0_0;
    %pad/u 12;
    %ix/vec4 4;
    %load/vec4a v0000020d994f0b60, 4;
    %assign/vec4 v0000020d994f0340_0, 0;
    %jmp T_8;
    .thread T_8;
    .scope S_0000020d994390a0;
T_9 ;
    %wait E_0000020d9946cec0;
    %load/vec4 v0000020d994f1420_0;
    %flag_set/vec4 8;
    %jmp/0xz  T_9.0, 8;
    %load/vec4 v0000020d994f0840_0;
    %load/vec4 v0000020d994f1d80_0;
    %pad/u 12;
    %ix/vec4 3;
    %ix/load 4, 0, 0; Constant delay
    %assign/vec4/a/d v0000020d994f0480, 0, 4;
T_9.0 ;
    %load/vec4 v0000020d994f0700_0;
    %pad/u 12;
    %ix/vec4 4;
    %load/vec4a v0000020d994f0480, 4;
    %assign/vec4 v0000020d994f1ec0_0, 0;
    %jmp T_9;
    .thread T_9;
    .scope S_0000020d99490870;
T_10 ;
    %wait E_0000020d9946c980;
    %load/vec4 v0000020d994f3250_0;
    %nor/r;
    %flag_set/vec4 8;
    %jmp/0xz  T_10.0, 8;
    %pushi/vec4 0, 0, 12;
    %assign/vec4 v0000020d994f3930_0, 0;
    %pushi/vec4 0, 0, 3;
    %assign/vec4 v0000020d994f2f30_0, 0;
    %pushi/vec4 0, 0, 1;
    %assign/vec4 v0000020d994f32f0_0, 0;
    %pushi/vec4 0, 0, 1;
    %assign/vec4 v0000020d994f2df0_0, 0;
    %jmp T_10.1;
T_10.0 ;
    %load/vec4 v0000020d994f3570_0;
    %flag_set/vec4 8;
    %jmp/0xz  T_10.2, 8;
    %pushi/vec4 1, 0, 1;
    %assign/vec4 v0000020d994f32f0_0, 0;
    %pushi/vec4 0, 0, 1;
    %assign/vec4 v0000020d994f2df0_0, 0;
    %jmp T_10.3;
T_10.2 ;
    %load/vec4 v0000020d994f32f0_0;
    %flag_set/vec4 8;
    %jmp/0xz  T_10.4, 8;
    %load/vec4 v0000020d994f3930_0;
    %addi 1, 0, 12;
    %assign/vec4 v0000020d994f3930_0, 0;
    %load/vec4 v0000020d994f3930_0;
    %cmpi/e 4095, 0, 12;
    %jmp/0xz  T_10.6, 4;
    %load/vec4 v0000020d994f2f30_0;
    %cmpi/e 5, 0, 3;
    %jmp/0xz  T_10.8, 4;
    %pushi/vec4 0, 0, 1;
    %assign/vec4 v0000020d994f32f0_0, 0;
    %pushi/vec4 1, 0, 1;
    %assign/vec4 v0000020d994f2df0_0, 0;
    %jmp T_10.9;
T_10.8 ;
    %load/vec4 v0000020d994f2f30_0;
    %addi 1, 0, 3;
    %assign/vec4 v0000020d994f2f30_0, 0;
T_10.9 ;
T_10.6 ;
T_10.4 ;
T_10.3 ;
T_10.1 ;
    %jmp T_10;
    .thread T_10;
    .scope S_0000020d994960a0;
T_11 ;
    %delay 2500, 0;
    %load/vec4 v0000020d994f5300_0;
    %inv;
    %store/vec4 v0000020d994f5300_0, 0, 1;
    %jmp T_11;
    .thread T_11;
    .scope S_0000020d994960a0;
T_12 ;
    %vpi_call 2 55 "$dumpfile", "output.vcd" {0 0 0};
    %vpi_call 2 56 "$dumpvars", 32'sb00000000000000000000000000000000, S_0000020d994960a0 {0 0 0};
    %pushi/vec4 0, 0, 1;
    %store/vec4 v0000020d994f5300_0, 0, 1;
    %pushi/vec4 0, 0, 1;
    %store/vec4 v0000020d994f4680_0, 0, 1;
    %pushi/vec4 0, 0, 1;
    %store/vec4 v0000020d994f42c0_0, 0, 1;
    %pushi/vec4 0, 0, 1;
    %store/vec4 v0000020d994f44a0_0, 0, 1;
    %pushi/vec4 0, 0, 32;
    %store/vec4 v0000020d994f4cc0_0, 0, 32;
    %pushi/vec4 0, 0, 32;
    %store/vec4 v0000020d994f4900_0, 0, 32;
    %pushi/vec4 0, 0, 32;
    %store/vec4 v0000020d994f4220_0, 0, 32;
    %pushi/vec4 0, 0, 32;
    %store/vec4 v0000020d994f56c0_0, 0, 32;
    %delay 20000, 0;
    %pushi/vec4 1, 0, 1;
    %store/vec4 v0000020d994f4680_0, 0, 1;
    %delay 10000, 0;
    %vpi_call 2 72 "$display", "[TB INFO] Starting Data Load Phase into Parallel Banks..." {0 0 0};
    %wait E_0000020d9946cec0;
    %pushi/vec4 1, 0, 1;
    %store/vec4 v0000020d994f44a0_0, 0, 1;
    %pushi/vec4 0, 0, 32;
    %store/vec4 v0000020d994f5e40_0, 0, 32;
T_12.0 ;
    %load/vec4 v0000020d994f5e40_0;
    %cmpi/s 1024, 0, 32;
    %jmp/0xz T_12.1, 5;
    %load/vec4 v0000020d994f5e40_0;
    %pad/s 16;
    %store/vec4 v0000020d994f5c60_0, 0, 16;
    %load/vec4 v0000020d994f5e40_0;
    %addi 1024, 0, 32;
    %pad/s 16;
    %store/vec4 v0000020d994f45e0_0, 0, 16;
    %load/vec4 v0000020d994f5e40_0;
    %addi 2048, 0, 32;
    %pad/s 16;
    %store/vec4 v0000020d994f49a0_0, 0, 16;
    %load/vec4 v0000020d994f5e40_0;
    %addi 3072, 0, 32;
    %pad/s 16;
    %store/vec4 v0000020d994f47c0_0, 0, 16;
    %load/vec4 v0000020d994f5c60_0;
    %concati/vec4 0, 0, 16;
    %store/vec4 v0000020d994f4cc0_0, 0, 32;
    %load/vec4 v0000020d994f45e0_0;
    %concati/vec4 0, 0, 16;
    %store/vec4 v0000020d994f4900_0, 0, 32;
    %load/vec4 v0000020d994f49a0_0;
    %concati/vec4 0, 0, 16;
    %store/vec4 v0000020d994f4220_0, 0, 32;
    %load/vec4 v0000020d994f47c0_0;
    %concati/vec4 0, 0, 16;
    %store/vec4 v0000020d994f56c0_0, 0, 32;
    %wait E_0000020d9946cec0;
    %load/vec4 v0000020d994f5e40_0;
    %addi 1, 0, 32;
    %store/vec4 v0000020d994f5e40_0, 0, 32;
    %jmp T_12.0;
T_12.1 ;
    %pushi/vec4 0, 0, 1;
    %store/vec4 v0000020d994f44a0_0, 0, 1;
    %pushi/vec4 0, 0, 32;
    %store/vec4 v0000020d994f4cc0_0, 0, 32;
    %pushi/vec4 0, 0, 32;
    %store/vec4 v0000020d994f4900_0, 0, 32;
    %pushi/vec4 0, 0, 32;
    %store/vec4 v0000020d994f4220_0, 0, 32;
    %pushi/vec4 0, 0, 32;
    %store/vec4 v0000020d994f56c0_0, 0, 32;
    %delay 20000, 0;
    %vpi_call 2 100 "$display", "[TB INFO] Launching Radix-4 Processing Core Execution..." {0 0 0};
    %wait E_0000020d9946cec0;
    %pushi/vec4 1, 0, 1;
    %store/vec4 v0000020d994f42c0_0, 0, 1;
    %wait E_0000020d9946cec0;
    %pushi/vec4 0, 0, 1;
    %store/vec4 v0000020d994f42c0_0, 0, 1;
    %fork t_1, S_0000020d994960a0;
    %fork t_2, S_0000020d994960a0;
    %join;
    %join;
    %jmp t_0;
t_1 ;
    %delay 200000000, 0;
    %vpi_call 2 111 "$display", "[TB ERROR] Simulation Timeout reached before processing loop could finish." {0 0 0};
    %vpi_call 2 112 "$finish" {0 0 0};
    %end;
t_2 ;
    %wait E_0000020d9946cc80;
    %vpi_call 2 117 "$display", "[TB SUCCESS] FFT computation loop cycle completed safely." {0 0 0};
    %delay 50000, 0;
    %vpi_call 2 123 "$display", "[DATA LOG] Out0: Real=0x%h Imag=0x%h", &PV<v0000020d994f5120_0, 16, 16>, &PV<v0000020d994f5120_0, 0, 16> {0 0 0};
    %vpi_call 2 124 "$display", "[DATA LOG] Out1: Real=0x%h Imag=0x%h", &PV<v0000020d994f4540_0, 16, 16>, &PV<v0000020d994f4540_0, 0, 16> {0 0 0};
    %vpi_call 2 125 "$display", "[DATA LOG] Out2: Real=0x%h Imag=0x%h", &PV<v0000020d994f5f80_0, 16, 16>, &PV<v0000020d994f5f80_0, 0, 16> {0 0 0};
    %vpi_call 2 126 "$display", "[DATA LOG] Out3: Real=0x%h Imag=0x%h", &PV<v0000020d994f4f40_0, 16, 16>, &PV<v0000020d994f4f40_0, 0, 16> {0 0 0};
    %vpi_call 2 128 "$finish" {0 0 0};
    %end;
    .scope S_0000020d994960a0;
t_0 ;
    %end;
    .thread T_12;
# The file index is used to find the file name in the following table.
:file_names 8;
    "N/A";
    "<interactive>";
    "fft_top_tb.v";
    "fft_top.v";
    "dsp_btf0.v";
    "dsp_btf1.v";
    "dsp_twd.v";
    "bram_bank.v";
